Using pre-set license
Built from '2022.1/staging' branch; Version is '2022.1.14f1 (ff7e140968b4) revision 16743956'; Using compiler version '192829333'; Build Type 'Release'
OS: 'Windows 10  (10.0.19044) 64bit Core' Language: 'en' Physical Memory: 32635 MB
BatchMode: 1, IsHumanControllingUs: 0, StartBugReporterOnCrash: 0, Is64bit: 1, IsPro: 1

COMMAND LINE ARGUMENTS:
D:\UnityProjects\2022.1.14f1\Editor\Unity.exe
-adb2
-batchMode
-noUpm
-name
AssetImportWorker3
-projectPath
D:/UnityProjects/MarsScenario
-logFile
Logs/AssetImportWorker3.log
-srvPort
51828
Successfully changed project path to: D:/UnityProjects/MarsScenario
D:/UnityProjects/MarsScenario
[UnityMemory] Configuration Parameters - Can be set up in boot.config
    "memorysetup-bucket-allocator-granularity=16"
    "memorysetup-bucket-allocator-bucket-count=8"
    "memorysetup-bucket-allocator-block-size=33554432"
    "memorysetup-bucket-allocator-block-count=8"
    "memorysetup-main-allocator-block-size=16777216"
    "memorysetup-thread-allocator-block-size=16777216"
    "memorysetup-gfx-main-allocator-block-size=16777216"
    "memorysetup-gfx-thread-allocator-block-size=16777216"
    "memorysetup-cache-allocator-block-size=4194304"
    "memorysetup-typetree-allocator-block-size=2097152"
    "memorysetup-profiler-bucket-allocator-granularity=16"
    "memorysetup-profiler-bucket-allocator-bucket-count=8"
    "memorysetup-profiler-bucket-allocator-block-size=33554432"
    "memorysetup-profiler-bucket-allocator-block-count=8"
    "memorysetup-profiler-allocator-block-size=16777216"
    "memorysetup-profiler-editor-allocator-block-size=1048576"
    "memorysetup-temp-allocator-size-main=16777216"
    "memorysetup-job-temp-allocator-block-size=2097152"
    "memorysetup-job-temp-allocator-block-size-background=1048576"
    "memorysetup-job-temp-allocator-reduction-small-platforms=262144"
    "memorysetup-temp-allocator-size-background-worker=32768"
    "memorysetup-temp-allocator-size-job-worker=262144"
    "memorysetup-temp-allocator-size-preload-manager=33554432"
    "memorysetup-temp-allocator-size-nav-mesh-worker=65536"
    "memorysetup-temp-allocator-size-audio-worker=65536"
    "memorysetup-temp-allocator-size-cloud-worker=32768"
    "memorysetup-temp-allocator-size-gi-baking-worker=262144"
    "memorysetup-temp-allocator-size-gfx=262144"
Refreshing native plugins compatible for Editor in 71.85 ms, found 3 plugins.
Preloading 0 native plugins for Editor in 0.00 ms.
Initialize engine version: 2022.1.14f1 (ff7e140968b4)
[Subsystems] Discovering subsystems at path D:/UnityProjects/2022.1.14f1/Editor/Data/Resources/UnitySubsystems
[Subsystems] Discovering subsystems at path D:/UnityProjects/MarsScenario/Assets
GfxDevice: creating device client; threaded=0; jobified=0
Direct3D:
    Version:  Direct3D 11.0 [level 11.1]
    Renderer: NVIDIA GeForce RTX 2060 (ID=0x1f08)
    Vendor:   NVIDIA
    VRAM:     5980 MB
    Driver:   31.0.15.2225
Initialize mono
Mono path[0] = 'D:/UnityProjects/2022.1.14f1/Editor/Data/Managed'
Mono path[1] = 'D:/UnityProjects/2022.1.14f1/Editor/Data/MonoBleedingEdge/lib/mono/unityjit-win32'
Mono config path = 'D:/UnityProjects/2022.1.14f1/Editor/Data/MonoBleedingEdge/etc'
Using monoOptions --debugger-agent=transport=dt_socket,embedding=1,server=y,suspend=n,address=127.0.0.1:56980
Begin MonoManager ReloadAssembly
Registering precompiled unity dll's ...
Register platform support module: D:/UnityProjects/2022.1.14f1/Editor/Data/PlaybackEngines/WebGLSupport/UnityEditor.WebGL.Extensions.dll
Register platform support module: D:/UnityProjects/2022.1.14f1/Editor/Data/PlaybackEngines/MacStandaloneSupport/UnityEditor.OSXStandalone.Extensions.dll
Register platform support module: D:/UnityProjects/2022.1.14f1/Editor/Data/PlaybackEngines/AndroidPlayer/UnityEditor.Android.Extensions.dll
Register platform support module: D:/UnityProjects/2022.1.14f1/Editor/Data/PlaybackEngines/iOSSupport/UnityEditor.iOS.Extensions.dll
Register platform support module: D:/UnityProjects/2022.1.14f1/Editor/Data/PlaybackEngines/AppleTVSupport/UnityEditor.AppleTV.Extensions.dll
Register platform support module: D:/UnityProjects/2022.1.14f1/Editor/Data/PlaybackEngines/WindowsStandaloneSupport/UnityEditor.WindowsStandalone.Extensions.dll
Register platform support module: D:/UnityProjects/2022.1.14f1/Editor/Data/PlaybackEngines/LinuxStandaloneSupport/UnityEditor.LinuxStandalone.Extensions.dll
Register platform support module: D:/UnityProjects/2022.1.14f1/Editor/Data/PlaybackEngines/MetroSupport/UnityEditor.UWP.Extensions.dll
Registered in 0.003339 seconds.
Native extension for UWP target not found
Native extension for LinuxStandalone target not found
Native extension for WindowsStandalone target not found
[usbmuxd] Start listen thread
[usbmuxd] Listen thread started
Native extension for AppleTV target not found
[usbmuxd] Start listen thread
[usbmuxd] Listen thread started
Native extension for iOS target not found
Native extension for Android target not found
Native extension for OSXStandalone target not found
Native extension for WebGL target not found
Refreshing native plugins compatible for Editor in 60.08 ms, found 3 plugins.
Preloading 0 native plugins for Editor in 0.00 ms.
Mono: successfully reloaded assembly
- Completed reload, in  0.552 seconds
Domain Reload Profiling:
	ReloadAssembly (553ms)
		BeginReloadAssembly (71ms)
			ExecutionOrderSort (0ms)
			DisableScriptedObjects (0ms)
			BackupInstance (0ms)
			ReleaseScriptingObjects (0ms)
			CreateAndSetChildDomain (1ms)
		EndReloadAssembly (394ms)
			LoadAssemblies (72ms)
			RebuildTransferFunctionScriptingTraits (0ms)
			SetupTypeCache (93ms)
				TypeCache.Initialize (92ms)
					TypeCache.ScanAssembly (91ms)
				ResolveRequiredComponents (0ms)
			ReleaseScriptCaches (0ms)
			RebuildScriptCaches (22ms)
			SetupLoadedEditorAssemblies (237ms)
				LogAssemblyErrors (0ms)
				InitializePlatformSupportModulesInManaged (52ms)
				SetLoadedEditorAssemblies (6ms)
				RefreshPlugins (60ms)
				BeforeProcessingInitializeOnLoad (1ms)
				ProcessInitializeOnLoadAttributes (84ms)
				ProcessInitializeOnLoadMethodAttributes (34ms)
				AfterProcessingInitializeOnLoad (0ms)
				EditorAssembliesLoaded (0ms)
			ExecutionOrderSort2 (0ms)
			AwakeInstancesAfterBackupRestoration (0ms)
Platform modules already initialized, skipping
Registering precompiled user dll's ...
Registered in 0.003595 seconds.
Unauthorized device detected, Id: R5CR6023DHW, please add debug authorization and reconnect.
UnityEngine.StackTraceUtility:ExtractStackTrace ()
UnityEngine.DebugLogHandler:LogFormat (UnityEngine.LogType,UnityEngine.Object,string,object[])
UnityEngine.Logger:LogFormat (UnityEngine.LogType,string,object[])
UnityEngine.Debug:LogFormat (string,object[])
UnityEditor.Android.AndroidDeploymentTargetsExtension:GetKnownTargets (UnityEditor.DeploymentTargets.IDeploymentTargetsMainThreadContext,UnityEditor.ProgressHandler)
UnityEditor.Android.TargetScanWorker:DoScan (UnityEditor.DeploymentTargets.IDeploymentTargetsExtension,UnityEditor.DeploymentTargets.IDeploymentTargetsMainThreadContext,System.Threading.CancellationToken)
UnityEditor.Android.TargetScanWorker/<>c__DisplayClass8_0:<Scan>b__0 ()
System.Threading.Tasks.Task:InnerInvoke ()
System.Threading.Tasks.Task:Execute ()
System.Threading.Tasks.Task:ExecutionContextCallback (object)
System.Threading.ExecutionContext:RunInternal (System.Threading.ExecutionContext,System.Threading.ContextCallback,object,bool)
System.Threading.ExecutionContext:Run (System.Threading.ExecutionContext,System.Threading.ContextCallback,object,bool)
System.Threading.Tasks.Task:ExecuteWithThreadLocal (System.Threading.Tasks.Task&)
System.Threading.Tasks.Task:ExecuteEntry (bool)
System.Threading.Tasks.Task:System.Threading.IThreadPoolWorkItem.ExecuteWorkItem ()
System.Threading.ThreadPoolWorkQueue:Dispatch ()
System.Threading._ThreadPoolWaitCallback:PerformWaitCallback ()

Begin MonoManager ReloadAssembly
Symbol file LoadedFromMemory doesn't match image D:\UnityProjects\MarsScenario\Library\PackageCache\com.unity.visualscripting@1.7.8\Editor\VisualScripting.Core\Dependencies\YamlDotNet\Unity.VisualScripting.YamlDotNet.dll
Symbol file LoadedFromMemory doesn't match image D:\UnityProjects\MarsScenario\Library\PackageCache\com.unity.visualscripting@1.7.8\Editor\VisualScripting.Core\Dependencies\DotNetZip\Unity.VisualScripting.IonicZip.dll
Native extension for UWP target not found
Native extension for LinuxStandalone target not found
Native extension for WindowsStandalone target not found
Native extension for AppleTV target not found
Native extension for iOS target not found
Native extension for Android target not found
Native extension for OSXStandalone target not found
Native extension for WebGL target not found
Refreshing native plugins compatible for Editor in 0.51 ms, found 3 plugins.
Preloading 0 native plugins for Editor in 0.00 ms.
Mono: successfully reloaded assembly
- Completed reload, in  0.977 seconds
Domain Reload Profiling:
	ReloadAssembly (977ms)
		BeginReloadAssembly (204ms)
			ExecutionOrderSort (0ms)
			DisableScriptedObjects (4ms)
			BackupInstance (0ms)
			ReleaseScriptingObjects (0ms)
			CreateAndSetChildDomain (124ms)
		EndReloadAssembly (687ms)
			LoadAssemblies (76ms)
			RebuildTransferFunctionScriptingTraits (0ms)
			SetupTypeCache (234ms)
				TypeCache.Initialize (231ms)
					TypeCache.ScanAssembly (225ms)
				ResolveRequiredComponents (3ms)
			ReleaseScriptCaches (1ms)
			RebuildScriptCaches (51ms)
			SetupLoadedEditorAssemblies (293ms)
				LogAssemblyErrors (0ms)
				InitializePlatformSupportModulesInManaged (25ms)
				SetLoadedEditorAssemblies (5ms)
				RefreshPlugins (1ms)
				BeforeProcessingInitializeOnLoad (57ms)
				ProcessInitializeOnLoadAttributes (181ms)
				ProcessInitializeOnLoadMethodAttributes (22ms)
				AfterProcessingInitializeOnLoad (2ms)
				EditorAssembliesLoaded (0ms)
			ExecutionOrderSort2 (0ms)
			AwakeInstancesAfterBackupRestoration (4ms)
Platform modules already initialized, skipping
========================================================================
Worker process is ready to serve import requests
Launched and connected shader compiler UnityShaderCompiler.exe after 0.03 seconds
Refreshing native plugins compatible for Editor in 0.44 ms, found 3 plugins.
Preloading 0 native plugins for Editor in 0.00 ms.
Unloading 3396 Unused Serialized files (Serialized files now loaded: 0)
Unloading 26 unused Assets / (58.3 KB). Loaded Objects now: 3875.
Memory consumption went from 0.52 GB to 0.52 GB.
Total: 3.144900 ms (FindLiveObjects: 0.313300 ms CreateObjectMapping: 0.214800 ms MarkObjects: 2.542300 ms  DeleteObjects: 0.073600 ms)

AssetImportParameters requested are different than current active one (requested -> active):
  custom:video-decoder-ogg-theora: a1e56fd34408186e4bbccfd4996cb3dc -> 
  custom:container-muxer-webm: aa71ff27fc2769a1b78a27578f13a17b -> 
  custom:container-demuxer-webm: 4f35f7cbe854078d1ac9338744f61a02 -> 
  custom:video-encoder-webm-vp8: eb34c28f22e8b96e1ab97ce403110664 -> 
  custom:audio-encoder-webm-vorbis: bf7c407c2cedff20999df2af8eb42d56 -> 
  custom:framework-win-MediaFoundation: 216162199b28c13a410421893ffa2e32 -> 
  custom:container-demuxer-ogg: 62fdf1f143b41e24485cea50d1cbac27 -> 
  custom:video-decoder-webm-vp8: 9c59270c3fd7afecdb556c50c9e8de78 -> 
  custom:audio-decoder-ogg-vorbis: bf7c407c2cedff20999df2af8eb42d56 -> 
========================================================================
Received Import Request.
  Time since last request: 488243.626437 seconds.
  path: Assets/Mars Landscape 3D/Prefabs/ML3D_Rocks_00_03.prefab
  artifactKey: Guid(47020d386b9454617bc9f694b04dc18d) Importer(815301076,1909f56bfc062723c751e8b465ee728b)
Start importing Assets/Mars Landscape 3D/Prefabs/ML3D_Rocks_00_03.prefab using Guid(47020d386b9454617bc9f694b04dc18d) Importer(815301076,1909f56bfc062723c751e8b465ee728b)  -> (artifact id: '399fe12059b4c11f2a546c089866ee3f') in 0.302605 seconds 
========================================================================
Received Import Request.
  Time since last request: 1314.893029 seconds.
  path: Assets/SampleScenes/Materials/NavyDarkGrid.mat
  artifactKey: Guid(01c04496878436140922b19f5220712b) Importer(815301076,1909f56bfc062723c751e8b465ee728b)
Start importing Assets/SampleScenes/Materials/NavyDarkGrid.mat using Guid(01c04496878436140922b19f5220712b) Importer(815301076,1909f56bfc062723c751e8b465ee728b)  -> (artifact id: 'eaee60b751de0030d51d8341e1cbc68e') in 0.206469 seconds 
========================================================================
Received Import Request.
  Time since last request: 0.000028 seconds.
  path: Assets/SampleScenes/Materials/TurquoiseSmooth.mat
  artifactKey: Guid(735665606fda0c14cb12bc536aa26dc7) Importer(815301076,1909f56bfc062723c751e8b465ee728b)
Start importing Assets/SampleScenes/Materials/TurquoiseSmooth.mat using Guid(735665606fda0c14cb12bc536aa26dc7) Importer(815301076,1909f56bfc062723c751e8b465ee728b)  -> (artifact id: '303011916b2d5643fd27bb539050abb6') in 0.013989 seconds 
========================================================================
Received Import Request.
  Time since last request: 0.000027 seconds.
  path: Assets/SampleScenes/Materials/NavySmooth.mat
  artifactKey: Guid(bccdb449802ea144b8709da9bac60356) Importer(815301076,1909f56bfc062723c751e8b465ee728b)
Start importing Assets/SampleScenes/Materials/NavySmooth.mat using Guid(bccdb449802ea144b8709da9bac60356) Importer(815301076,1909f56bfc062723c751e8b465ee728b)  -> (artifact id: '0b489175a96eac9733a3d333a485826d') in 0.012271 seconds 
========================================================================
Received Import Request.
  Time since last request: 0.000018 seconds.
  path: Assets/SampleScenes/Materials/WhiteSmooth.mat
  artifactKey: Guid(616853845a4a54949ac851f2f807aa2a) Importer(815301076,1909f56bfc062723c751e8b465ee728b)
Start importing Assets/SampleScenes/Materials/WhiteSmooth.mat using Guid(616853845a4a54949ac851f2f807aa2a) Importer(815301076,1909f56bfc062723c751e8b465ee728b)  -> (artifact id: 'f3e460ec82d2bd5db21f7340656c678b') in 0.013668 seconds 
========================================================================
Received Import Request.
  Time since last request: 0.000024 seconds.
  path: Assets/SampleScenes/Materials/SkyboxProcedural.mat
  artifactKey: Guid(bf1bf92a3ce592e40b898be6c21cc2fa) Importer(815301076,1909f56bfc062723c751e8b465ee728b)
Start importing Assets/SampleScenes/Materials/SkyboxProcedural.mat using Guid(bf1bf92a3ce592e40b898be6c21cc2fa) Importer(815301076,1909f56bfc062723c751e8b465ee728b)  -> (artifact id: 'dd632b03ae3384a43f6e1271315604a3') in 0.019381 seconds 
========================================================================
Received Import Request.
  Time since last request: 0.000047 seconds.
  path: Assets/SampleScenes/Materials/NavyDarkSmooth.mat
  artifactKey: Guid(338dbf9d35df70d428453cc78f8eaa18) Importer(815301076,1909f56bfc062723c751e8b465ee728b)
Start importing Assets/SampleScenes/Materials/NavyDarkSmooth.mat using Guid(338dbf9d35df70d428453cc78f8eaa18) Importer(815301076,1909f56bfc062723c751e8b465ee728b)  -> (artifact id: 'fe111d8f26fdc9b4803e3e86baa409de') in 0.015953 seconds 
========================================================================
Received Import Request.
  Time since last request: 0.000023 seconds.
  path: Assets/SampleScenes/Materials/ParticleClouds.mat
  artifactKey: Guid(efb74a60b37f60a41add571d33f34fff) Importer(815301076,1909f56bfc062723c751e8b465ee728b)
Start importing Assets/SampleScenes/Materials/ParticleClouds.mat using Guid(efb74a60b37f60a41add571d33f34fff) Importer(815301076,1909f56bfc062723c751e8b465ee728b)  -> (artifact id: '5976b044342111e9010202a19ac935de') in 0.038701 seconds 
========================================================================
Received Import Request.
  Time since last request: 0.239246 seconds.
  path: Assets/SampleScenes/AudioMixers/JetPlane.mixer
  artifactKey: Guid(e21d59315859b4f288500f0a7167ebe7) Importer(815301076,1909f56bfc062723c751e8b465ee728b)
Start importing Assets/SampleScenes/AudioMixers/JetPlane.mixer using Guid(e21d59315859b4f288500f0a7167ebe7) Importer(815301076,1909f56bfc062723c751e8b465ee728b)  -> (artifact id: '68ca76d3ad636f0e312414ea54233e33') in 0.007126 seconds 
Editor requested this worker to shutdown with reason: Scaling down because of idle timeout
AssetImportWorker is now disconnected from the server
Process exiting
Exiting without the bug reporter. Application will terminate with return code 0